planeterium/app/build/outputs/logs/manifest-merger-debug-report.txt
-- Merging decision tree log ---
manifest
ADDED from src/main/AndroidManifest.xml:1:1-34:12
	package
		ADDED from src/main/AndroidManifest.xml:3:5-38
	android:versionName
		ADDED from src/main/AndroidManifest.xml:5:5-30
		INJECTED from src/main/AndroidManifest.xml
		INJECTED from src/main/AndroidManifest.xml
	xmlns:tools
		ADDED from src/main/AndroidManifest.xml:2:5-51
	android:versionCode
		ADDED from src/main/AndroidManifest.xml:4:5-28
		INJECTED from src/main/AndroidManifest.xml
		INJECTED from src/main/AndroidManifest.xml
	xmlns:android
		ADDED from src/main/AndroidManifest.xml:1:11-69
uses-sdk
ADDED from src/main/AndroidManifest.xml:7:5-9:41
MERGED from [org.gearvrf:framework:3.1.2-SNAPSHOT] AndroidManifest.xml:23:5-25:41
MERGED from [org.gearvrf:backend_daydream:3.1.2-SNAPSHOT] AndroidManifest.xml:23:5-25:41
MERGED from [com.google.vr:sdk-base:1.30.0] AndroidManifest.xml:5:5-73
MERGED from [com.google.vr:sdk-common:1.30.0] AndroidManifest.xml:3:5-73
MERGED from [org.gearvrf:backend_oculus:3.1.2-SNAPSHOT] AndroidManifest.xml:23:5-25:41
MERGED from [org.joml:joml-android:1.9.1-SNAPSHOT] AndroidManifest.xml:7:5-9:41
	android:targetSdkVersion
		ADDED from src/main/AndroidManifest.xml:9:9-38
		INJECTED from src/main/AndroidManifest.xml
		INJECTED from src/main/AndroidManifest.xml
	android:minSdkVersion
		ADDED from src/main/AndroidManifest.xml:8:9-35
		INJECTED from src/main/AndroidManifest.xml
		INJECTED from src/main/AndroidManifest.xml
uses-permission#android.permission.READ_EXTERNAL_STORAGE
ADDED from src/main/AndroidManifest.xml:11:5-80
MERGED from [org.gearvrf:backend_daydream:3.1.2-SNAPSHOT] AndroidManifest.xml:33:5-80
MERGED from [com.google.vr:sdk-base:1.30.0] AndroidManifest.xml:9:5-79
	android:name
		ADDED from src/main/AndroidManifest.xml:11:22-77
uses-permission#android.permission.ACCESS_NETWORK_STATE
ADDED from src/main/AndroidManifest.xml:12:5-79
	android:name
		ADDED from src/main/AndroidManifest.xml:12:22-76
application
ADDED from src/main/AndroidManifest.xml:14:5-32:19
MERGED from [org.gearvrf:framework:3.1.2-SNAPSHOT] AndroidManifest.xml:36:5-37:19
	android:label
		ADDED from src/main/AndroidManifest.xml:18:9-41
	android:allowBackup
		ADDED from src/main/AndroidManifest.xml:15:9-35
	android:icon
		ADDED from src/main/AndroidManifest.xml:17:9-45
	android:largeHeap
		ADDED from [org.gearvrf:framework:3.1.2-SNAPSHOT] AndroidManifest.xml:36:18-42
	android:theme
		ADDED from src/main/AndroidManifest.xml:19:9-40
	tools:replace
		ADDED from src/main/AndroidManifest.xml:16:9-37
meta-data#com.samsung.android.vr.application.mode
ADDED from src/main/AndroidManifest.xml:20:9-100
	android:value
		ADDED from src/main/AndroidManifest.xml:20:75-98
	android:name
		ADDED from src/main/AndroidManifest.xml:20:20-74
activity#org.gearvrf.planeterium.PlaneteriumActivity
ADDED from src/main/AndroidManifest.xml:21:9-31:20
	android:screenOrientation
		ADDED from src/main/AndroidManifest.xml:23:13-50
	android:label
		ADDED from src/main/AndroidManifest.xml:25:13-45
	android:launchMode
		ADDED from src/main/AndroidManifest.xml:24:13-44
	android:name
		ADDED from src/main/AndroidManifest.xml:22:13-71
intent-filter#android.intent.action.MAIN+android.intent.category.LAUNCHER
ADDED from src/main/AndroidManifest.xml:26:13-30:29
action#android.intent.action.MAIN
ADDED from src/main/AndroidManifest.xml:27:17-69
	android:name
		ADDED from src/main/AndroidManifest.xml:27:25-66
category#android.intent.category.LAUNCHER
ADDED from src/main/AndroidManifest.xml:29:17-77
	android:name
		ADDED from src/main/AndroidManifest.xml:29:27-74
uses-permission#com.samsung.android.hmt.permission.READ_SETTINGS
ADDED from [org.gearvrf:framework:3.1.2-SNAPSHOT] AndroidManifest.xml:30:5-88
	android:name
		ADDED from [org.gearvrf:framework:3.1.2-SNAPSHOT] AndroidManifest.xml:30:22-85
uses-feature#0x00030000
ADDED from [org.gearvrf:framework:3.1.2-SNAPSHOT] AndroidManifest.xml:32:5-34:35
	android:glEsVersion
		ADDED from [org.gearvrf:framework:3.1.2-SNAPSHOT] AndroidManifest.xml:33:9-41
	android:required
		ADDED from [org.gearvrf:framework:3.1.2-SNAPSHOT] AndroidManifest.xml:34:9-32
uses-permission#android.permission.VIBRATE
ADDED from [org.gearvrf:backend_daydream:3.1.2-SNAPSHOT] AndroidManifest.xml:31:5-66
	android:name
		ADDED from [org.gearvrf:backend_daydream:3.1.2-SNAPSHOT] AndroidManifest.xml:31:22-63
uses-permission#android.permission.NFC
ADDED from [org.gearvrf:backend_daydream:3.1.2-SNAPSHOT] AndroidManifest.xml:35:5-62
	android:name
		ADDED from [org.gearvrf:backend_daydream:3.1.2-SNAPSHOT] AndroidManifest.xml:35:22-59
uses-feature#android.hardware.sensor.accelerometer
ADDED from [org.gearvrf:backend_daydream:3.1.2-SNAPSHOT] AndroidManifest.xml:38:5-40:35
	android:required
		ADDED from [org.gearvrf:backend_daydream:3.1.2-SNAPSHOT] AndroidManifest.xml:40:9-32
	android:name
		ADDED from [org.gearvrf:backend_daydream:3.1.2-SNAPSHOT] AndroidManifest.xml:39:9-61
uses-feature#android.hardware.sensor.gyroscope
ADDED from [org.gearvrf:backend_daydream:3.1.2-SNAPSHOT] AndroidManifest.xml:41:5-43:35
	android:required
		ADDED from [org.gearvrf:backend_daydream:3.1.2-SNAPSHOT] AndroidManifest.xml:43:9-32
	android:name
		ADDED from [org.gearvrf:backend_daydream:3.1.2-SNAPSHOT] AndroidManifest.xml:42:9-57
uses-feature#android.software.vr.mode
ADDED from [org.gearvrf:backend_daydream:3.1.2-SNAPSHOT] AndroidManifest.xml:46:5-48:36
MERGED from [com.google.vr:sdk-base:1.30.0] AndroidManifest.xml:13:5-85
	android:required
		ADDED from [org.gearvrf:backend_daydream:3.1.2-SNAPSHOT] AndroidManifest.xml:48:9-33
	android:name
		ADDED from [org.gearvrf:backend_daydream:3.1.2-SNAPSHOT] AndroidManifest.xml:47:9-48
uses-feature#android.hardware.vr.high_performance
ADDED from [org.gearvrf:backend_daydream:3.1.2-SNAPSHOT] AndroidManifest.xml:50:5-52:36
MERGED from [com.google.vr:sdk-base:1.30.0] AndroidManifest.xml:15:5-97
	android:required
		ADDED from [org.gearvrf:backend_daydream:3.1.2-SNAPSHOT] AndroidManifest.xml:52:9-33
	android:name
		ADDED from [org.gearvrf:backend_daydream:3.1.2-SNAPSHOT] AndroidManifest.xml:51:9-60
uses-feature#0x00020000
ADDED from [com.google.vr:sdk-base:1.30.0] AndroidManifest.xml:6:5-77
REJECTED from src/main/AndroidManifest.xml:6:5-77
	android:glEsVersion
		ADDED from [com.google.vr:sdk-base:1.30.0] AndroidManifest.xml:6:19-51
	android:required
		ADDED from [com.google.vr:sdk-base:1.30.0] AndroidManifest.xml:6:52-75
uses-permission#android.permission.WRITE_EXTERNAL_STORAGE
ADDED from [com.google.vr:sdk-base:1.30.0] AndroidManifest.xml:10:5-80
	android:name
		ADDED from [com.google.vr:sdk-base:1.30.0] AndroidManifest.xml:10:22-78